<?xml version="1.0" encoding="UTF-8"?>
<!-- Generated by org.testng.reporters.JUnitReportReporter -->
<testsuite skipped="0" hostname="DESKTOP-66Q851S" name="com.binary.mindset.contracts.tests.ContractVerifierIntegrationTest" tests="1" failures="0" timestamp="07 mar 2020 15:00:41 GMT" time="3.022" errors="0">
  <testcase name="validate_get_projects_should_return_200_code_and_list_of_projects" time="3.022" classname="com.binary.mindset.contracts.tests.ContractVerifierIntegrationTest"/>
</testsuite> <!-- com.binary.mindset.contracts.tests.ContractVerifierIntegrationTest -->
